New log file opened at Sat Aug 29 21:57:38 IST 2015 by 46120@INGBTCPIC5NBW01
Taking next connection to: 58851
New client attempting to connect on port: 58852-58851
  Address = /169.254.122.251:58851
This client on port 58852 has uuid e28516b1-b323-49db-b2c7-88b94cb68ead configName activator humanReadableName Activator protocolVersion 3 featureTags Vector()
Connected Clients: activator-e28516b1-b323-49db-b2c7-88b94cb68ead
Taking next connection to: 58851
New client attempting to connect on port: 58853-58851
  Address = /169.254.122.251:58851
Handshake exception on socket: 58853
sbt.impl.ipc.HandshakeException: Unable to perform handshake
	at sbt.impl.ipc.Peer.handshake(IPC.scala:46)
	at sbt.impl.ipc.MultiClientServer.<init>(IPC.scala:150)
	at sbt.server.SbtServerSocketHandler$$anon$1.run(SbtServerSocketHandler.scala:43)
Caused by: java.net.SocketException: Software caused connection abort: recv failed
	at java.net.SocketInputStream.socketRead0(Native Method)
	at java.net.SocketInputStream.read(SocketInputStream.java:150)
	at java.net.SocketInputStream.read(SocketInputStream.java:121)
	at java.io.BufferedInputStream.fill(BufferedInputStream.java:235)
	at java.io.BufferedInputStream.read(BufferedInputStream.java:254)
	at java.io.DataInputStream.readInt(DataInputStream.java:387)
	at sbt.impl.ipc.Peer.receive(IPC.scala:95)
	at sbt.impl.ipc.Peer.handshake(IPC.scala:49)
	... 2 more
Taking next connection to: 58851
New client attempting to connect on port: 58854-58851
  Address = /169.254.122.251:58851
This client on port 58854 has uuid 49f900ed-8aa5-4f2a-ad8e-f43a57bca03e configName activator humanReadableName Activator protocolVersion 3 featureTags Vector()
Connected Clients: activator-e28516b1-b323-49db-b2c7-88b94cb68ead, activator-49f900ed-8aa5-4f2a-ad8e-f43a57bca03e
Taking next connection to: 58851
Checking to see if clients are empty...
We have 1 non-daemon clients, continuing serving connections.
Taking next connection to: 58851
Checking to see if clients are empty...
We have 1 non-daemon clients, continuing serving connections.
Taking next connection to: 58851
Checking to see if clients are empty...
We have 1 non-daemon clients, continuing serving connections.
Taking next connection to: 58851
Checking to see if clients are empty...
We have 1 non-daemon clients, continuing serving connections.
Taking next connection to: 58851
Checking to see if clients are empty...
We have 1 non-daemon clients, continuing serving connections.
Taking next connection to: 58851
Checking to see if clients are empty...
We have 1 non-daemon clients, continuing serving connections.
Taking next connection to: 58851
Checking to see if clients are empty...
We have 1 non-daemon clients, continuing serving connections.
Taking next connection to: 58851
Checking to see if clients are empty...
We have 1 non-daemon clients, continuing serving connections.
Taking next connection to: 58851
Checking to see if clients are empty...
We have 1 non-daemon clients, continuing serving connections.
Taking next connection to: 58851
Checking to see if clients are empty...
We have 1 non-daemon clients, continuing serving connections.
Taking next connection to: 58851
Checking to see if clients are empty...
We have 1 non-daemon clients, continuing serving connections.
Taking next connection to: 58851
Checking to see if clients are empty...
We have 1 non-daemon clients, continuing serving connections.
Taking next connection to: 58851
Checking to see if clients are empty...
We have 1 non-daemon clients, continuing serving connections.
Taking next connection to: 58851
Checking to see if clients are empty...
We have 1 non-daemon clients, continuing serving connections.
Taking next connection to: 58851
Checking to see if clients are empty...
We have 1 non-daemon clients, continuing serving connections.
Taking next connection to: 58851
Checking to see if clients are empty...
We have 1 non-daemon clients, continuing serving connections.
Taking next connection to: 58851
Checking to see if clients are empty...
We have 1 non-daemon clients, continuing serving connections.
Taking next connection to: 58851
Checking to see if clients are empty...
We have 1 non-daemon clients, continuing serving connections.
Taking next connection to: 58851
Checking to see if clients are empty...
We have 1 non-daemon clients, continuing serving connections.
Taking next connection to: 58851
Checking to see if clients are empty...
We have 1 non-daemon clients, continuing serving connections.
Taking next connection to: 58851
Checking to see if clients are empty...
We have 1 non-daemon clients, continuing serving connections.
Taking next connection to: 58851
Checking to see if clients are empty...
We have 1 non-daemon clients, continuing serving connections.
Taking next connection to: 58851
Checking to see if clients are empty...
We have 1 non-daemon clients, continuing serving connections.
Taking next connection to: 58851
Checking to see if clients are empty...
We have 1 non-daemon clients, continuing serving connections.
Taking next connection to: 58851
Checking to see if clients are empty...
We have 1 non-daemon clients, continuing serving connections.
Taking next connection to: 58851
Checking to see if clients are empty...
No non-daemon clients connected after 3 min. Shutting down.
Server socket thread exiting.
0 clients open, will close them...
All client sockets have been closed.
Closing the 46120@INGBTCPIC5NBW01 logs at Sun Aug 30 08:50:33 IST 2015, goodbye.
